<?xml version="1.0" encoding="UTF-8"?>
<!-- Generated by org.testng.reporters.JUnitReportReporter -->
<testsuite hostname="Arnus-MacBook-Air.local" failures="0" tests="1" name="JavaStream.ListStream" time="0.006" errors="0" timestamp="2024-11-23T13:22:52 IST" skipped="0">
  <testcase classname="JavaStream.ListStream" name="streamFilter" time="0.006"/>
</testsuite> <!-- JavaStream.ListStream -->
