<?xml version="1.0" encoding="UTF-8"?>
<!-- Generated by org.testng.reporters.JUnitReportReporter -->
<testsuite hostname="Arnus-MacBook-Air.local" failures="0" tests="1" name="JavaStream.MergeTwoList" time="0.005" errors="0" timestamp="2024-11-23T14:46:29 IST" skipped="0">
  <testcase classname="JavaStream.MergeTwoList" name="listMerge" time="0.005"/>
</testsuite> <!-- JavaStream.MergeTwoList -->
