<?xml version="1.0" encoding="UTF-8"?>
<!-- Generated by org.testng.reporters.JUnitReportReporter -->
<testsuite hostname="Arnus-MacBook-Air.local" failures="0" tests="1" name="JavaStream.List" time="0.005" errors="0" timestamp="2024-11-23T12:40:53 IST" skipped="0">
  <testcase classname="JavaStream.List" name="streamFilter" time="0.005"/>
</testsuite> <!-- JavaStream.List -->
